<?xml version="1.0" encoding="UTF-8"?>
<!-- Generated by org.testng.reporters.JUnitXMLReporter -->
<testsuite hostname="home-PC" ignored="0" name="Test" tests="1" failures="1" timestamp="17 Mar 2020 08:50:19 GMT" time="11.76" errors="0">
  <testcase name="TC_001_invalidLoginTest_InvalidUserNameInvalidPassword" time="0.983" classname="tests.Inputform">
    <failure type="java.lang.AssertionError" message="expected [true] but found [false]">
      <![CDATA[java.lang.AssertionError: expected [true] but found [false]at tests.Inputform.TC_001_invalidLoginTest_InvalidUserNameInvalidPassword(Inputform.java:43)... Removed 29 stack frames]]>
    </failure>
  </testcase> <!-- TC_001_invalidLoginTest_InvalidUserNameInvalidPassword -->
</testsuite> <!-- Test -->
